<?xml version="1.0" encoding="UTF-8"?>
<testsuite xmlns:xsi="http://www.w3.org/2001/XMLSchema-instance" xsi:noNamespaceSchemaLocation="https://maven.apache.org/surefire/maven-surefire-plugin/xsd/surefire-test-report-3.0.xsd" version="3.0" name="cntsid.formation.ap08.Ap08ApplicationTests" time="4.675" tests="1" errors="0" skipped="0" failures="0">
  <properties>
[...]
</properties>
  <testcase name="contextLoads" classname="cntsid.formation.ap08.Ap08ApplicationTests" time="1.44">
    <system-out><![CDATA[18:33:14.562 [main] INFO org.springframework.test.context.support.AnnotationConfigContextLoaderUtils -- Could not detect default configuration classes for test class [cntsid.formation.ap08.Ap08ApplicationTests]: Ap08ApplicationTests does not declare any static, non-private, non-final, nested classes annotated with @Configuration.
18:33:14.736 [main] INFO org.springframework.boot.test.context.SpringBootTestContextBootstrapper -- Found @SpringBootConfiguration cntsid.formation.ap08.Ap08Application for test class cntsid.formation.ap08.Ap08ApplicationTests

  .   ____          _            __ _ _
 /\\ / ___'_ __ _ _(_)_ __  __ _ \ \ \ \
( ( )\___ | '_ | '_| | '_ \/ _` | \ \ \ \
 \\/  ___)| |_)| | | | | || (_| |  ) ) ) )
  '  |____| .__|_| |_|_| |_\__, | / / / /
 =========|_|==============|___/=/_/_/_/
 :: Spring Boot ::                (v3.2.5)

2024-04-27T18:33:15.428+01:00  INFO 10976 --- [ap08] [           main] c.formation.ap08.Ap08ApplicationTests    : Starting Ap08ApplicationTests using Java 17.0.8 with PID 10976 (started by LKTech in C:\Users\LKTech\Desktop\BUR\work\ap08)
2024-04-27T18:33:15.430+01:00  INFO 10976 --- [ap08] [           main] c.formation.ap08.Ap08ApplicationTests    : No active profile set, falling back to 1 default profile: "default"
2024-04-27T18:33:15.995+01:00  INFO 10976 --- [ap08] [           main] .s.d.r.c.RepositoryConfigurationDelegate : Bootstrapping Spring Data JDBC repositories in DEFAULT mode.
2024-04-27T18:33:16.012+01:00  INFO 10976 --- [ap08] [           main] .s.d.r.c.RepositoryConfigurationDelegate : Finished Spring Data repository scanning in 13 ms. Found 0 JDBC repository interfaces.
2024-04-27T18:33:16.574+01:00  INFO 10976 --- [ap08] [           main] com.zaxxer.hikari.HikariDataSource       : HikariPool-1 - Starting...
2024-04-27T18:33:17.093+01:00  INFO 10976 --- [ap08] [           main] com.zaxxer.hikari.pool.HikariPool        : HikariPool-1 - Added connection org.postgresql.jdbc.PgConnection@257e0827
2024-04-27T18:33:17.095+01:00  INFO 10976 --- [ap08] [           main] com.zaxxer.hikari.HikariDataSource       : HikariPool-1 - Start completed.
2024-04-27T18:33:17.549+01:00  INFO 10976 --- [ap08] [           main] c.formation.ap08.Ap08ApplicationTests    : Started Ap08ApplicationTests in 2.554 seconds (process running for 3.948)
La wilaya 2 - الشلف - Chlef - Chlef
La wilaya 4 - أم البواقي - Oum El Bouaghi - Oum El Bouaghi
La wilaya 5 - باتنة - Batna - Batna
La wilaya 6 - بجاية - Béjaïa - Béjaïa
La wilaya 7 - بسكرة - Biskra - Biskra
La wilaya 8 - بشار - Béchar - Béchar
La wilaya 9 - البليدة - Blida - Blida
La wilaya 10 - بويرة - Bouira - Bouira
La wilaya 11 - تمنراست - Tamanrasset - Tamanrasset
La wilaya 12 -  تبسة - Tébessa - Tébessa
La wilaya 13 - تلمسان - Tlemcen - Tlemcen
La wilaya 14 - تيارت - Tiaret - Tiaret
La wilaya 15 - تيزي وزو - Tizi Ouzou - Tizi Ouzou
La wilaya 16 - الجزائر - Alger - Alger
La wilaya 17 - الجلفة - Djelfa - Djelfa
La wilaya 18 - جيجل - Jijel - Jijel
La wilaya 19 - سطيف - Sétif - Sétif
La wilaya 20 - سعيدة - Saïda - Saïda
La wilaya 21 - سكيكدة - Skikda - Skikda
La wilaya 22 - سيدي بلعباس - Sidi Bel Abbès - Sidi Bel Abbès
La wilaya 23 - عنابة - Annaba - Annaba
La wilaya 24 - قالمة - Guelma - Guelma
La wilaya 25 - قسنطينة - Constantine - Constantine
La wilaya 26 - المدية - Médéa - Médéa
La wilaya 27 - مستغانم - Mostaganem - Mostaganem
La wilaya 28 - مسيلة - M'Sila - M'Sila
La wilaya 29 - معسكر - Mascara - Mascara
La wilaya 30 - ورقلة - Ouargla - Ouargla
La wilaya 31 - وهران - Oran - Oran
La wilaya 32 - البيض - El Bayadh - El Bayadh
La wilaya 33 - إليزي - Illizi - Illizi
La wilaya 34 - برج بوعريريج - Bordj Bou Arreridj - Bordj Bou Arreridj
La wilaya 35 - بومرداس - Boumerdès - Boumerdès
La wilaya 36 - الطارف - El Tarf - El Tarf
La wilaya 37 - تندوف - Tindouf - Tindouf
La wilaya 38 - تيسمسيلت - Tissemsilt - Tissemsilt
La wilaya 39 - الوادي - El Oued - El Oued
La wilaya 40 - خنشلة - Khenchela - Khenchela
La wilaya 41 - سوق أهراس - Souk Ahras - Souk Ahras
La wilaya 42 - تيبازة - Tipaza - Tipaza
La wilaya 43 - ميلة - Mila - Mila
La wilaya 44 - عين الدفلى - Aïn Defla - Aïn Defla
La wilaya 45 - النعامة - Naâma - Naâma
La wilaya 46 - عين تموشنت - Aïn Témouchent - Aïn Témouchent
La wilaya 47 - غرداية - Ghardaïa - Ghardaïa
La wilaya 48 - غليزان - Relizane - Relizane
La wilaya 3 - الأغواط - Laghouat - Laghouat
La wilaya 1 - أدرار - Adrar - Adrar
La wilaya 100 - N/R - N/R - N/R
La wilaya 99 -   -   -  
]]></system-out>
  </testcase>
</testsuite>